2015-09-28 10:11:06,362 [INFO] from play.api.libs.concurrent.ActorSystemProvider in pool-4-thread-1 - Starting application default Akka system: application
2015-09-28 10:11:06,682 [INFO] from play.core.server.NettyServer in pool-4-thread-1 - Listening for HTTP on /0:0:0:0:0:0:0:0:9000
2015-09-28 10:13:35,017 [INFO] from play.api.libs.concurrent.ActorSystemProvider in ForkJoinPool-1-worker-1 - Starting application default Akka system: application
2015-09-28 10:13:35,929 [INFO] from play.api.Play in ForkJoinPool-1-worker-1 - Application started (Dev)
2015-09-28 10:26:46,040 [ERROR] from application in New I/O worker #7 - 

! @6nidfm1pj - Internal server error, for (GET) [/] ->
 
play.sbt.PlayExceptions$CompilationException: Compilation error[object Article is not a member of package models]
	at play.sbt.PlayExceptions$CompilationException$.apply(PlayExceptions.scala:27) ~[na:na]
	at play.sbt.PlayExceptions$CompilationException$.apply(PlayExceptions.scala:27) ~[na:na]
	at scala.Option.map(Option.scala:145) ~[scala-library-2.11.7.jar:na]
	at play.sbt.run.PlayReload$$anonfun$taskFailureHandler$1.apply(PlayReload.scala:49) ~[na:na]
	at play.sbt.run.PlayReload$$anonfun$taskFailureHandler$1.apply(PlayReload.scala:44) ~[na:na]
	at scala.Option.map(Option.scala:145) ~[scala-library-2.11.7.jar:na]
	at play.sbt.run.PlayReload$.taskFailureHandler(PlayReload.scala:44) ~[na:na]
	at play.sbt.run.PlayReload$.compileFailure(PlayReload.scala:40) ~[na:na]
	at play.sbt.run.PlayReload$$anonfun$compile$1.apply(PlayReload.scala:17) ~[na:na]
	at play.sbt.run.PlayReload$$anonfun$compile$1.apply(PlayReload.scala:17) ~[na:na]
	at scala.util.Either$LeftProjection.map(Either.scala:377) ~[scala-library-2.11.7.jar:na]
	at play.sbt.run.PlayReload$.compile(PlayReload.scala:17) ~[na:na]
	at play.sbt.run.PlayRun$$anonfun$playRunTask$1$$anonfun$apply$2$$anonfun$apply$3$$anonfun$2.apply(PlayRun.scala:60) ~[na:na]
	at play.sbt.run.PlayRun$$anonfun$playRunTask$1$$anonfun$apply$2$$anonfun$apply$3$$anonfun$2.apply(PlayRun.scala:60) ~[na:na]
	at play.runsupport.Reloader.reload(Reloader.scala:305) ~[na:na]
	at play.core.server.DevServerStart$$anonfun$mainDev$1$$anon$1$$anonfun$get$1.apply(DevServerStart.scala:113) ~[play-server_2.11-2.4.2.jar:2.4.2]
	at play.core.server.DevServerStart$$anonfun$mainDev$1$$anon$1$$anonfun$get$1.apply(DevServerStart.scala:111) ~[play-server_2.11-2.4.2.jar:2.4.2]
	at scala.concurrent.impl.Future$PromiseCompletingRunnable.liftedTree1$1(Future.scala:24) ~[scala-library-2.11.7.jar:na]
	at scala.concurrent.impl.Future$PromiseCompletingRunnable.run(Future.scala:24) ~[scala-library-2.11.7.jar:na]
	at akka.dispatch.TaskInvocation.run(AbstractDispatcher.scala:40) ~[akka-actor_2.11-2.3.11.jar:na]
	at akka.dispatch.ForkJoinExecutorConfigurator$AkkaForkJoinTask.exec(AbstractDispatcher.scala:397) ~[akka-actor_2.11-2.3.11.jar:na]
	at scala.concurrent.forkjoin.ForkJoinTask.doExec(ForkJoinTask.java:260) ~[scala-library-2.11.7.jar:na]
	at scala.concurrent.forkjoin.ForkJoinPool$WorkQueue.runTask(ForkJoinPool.java:1339) ~[scala-library-2.11.7.jar:na]
	at scala.concurrent.forkjoin.ForkJoinPool.runWorker(ForkJoinPool.java:1979) ~[scala-library-2.11.7.jar:na]
	at scala.concurrent.forkjoin.ForkJoinWorkerThread.run(ForkJoinWorkerThread.java:107) ~[scala-library-2.11.7.jar:na]
2015-09-28 10:29:27,624 [INFO] from play.api.libs.concurrent.ActorSystemProvider in application-akka.actor.default-dispatcher-3 - Shutdown application default Akka system: application
2015-09-28 10:29:28,397 [INFO] from play.api.libs.concurrent.ActorSystemProvider in application-akka.actor.default-dispatcher-3 - Starting application default Akka system: application
2015-09-28 10:29:28,507 [INFO] from play.api.Play in application-akka.actor.default-dispatcher-3 - Application started (Dev)
2015-09-28 10:29:39,581 [INFO] from play.api.libs.concurrent.ActorSystemProvider in application-akka.actor.default-dispatcher-5 - Shutdown application default Akka system: application
2015-09-28 10:29:39,876 [INFO] from play.api.libs.concurrent.ActorSystemProvider in application-akka.actor.default-dispatcher-5 - Starting application default Akka system: application
2015-09-28 10:29:39,957 [INFO] from play.api.Play in application-akka.actor.default-dispatcher-5 - Application started (Dev)
2015-09-28 10:29:48,494 [ERROR] from controllers.SocialAuthController in application-akka.actor.default-dispatcher-5 - AnyContentAsJson({"code":"AQBA_orblYj0t6IbC0-bb34x0VyzmvrefGPz_ePUhlnw-jY-LGo7tByke238K86lrHhowP3FBBJFtmSjxm2GTG0GPHoirjkrmGoRhnBMvnzEgxAs-Leh0hGypqt05DH-hpZg9ZLhUdE4chTtyL_KhwoAvqhUQ_eP8JNs483kmsfGRM8nLzuuLEb_IdO-RZG6cRzNBD66NAuoSkA7olBFyZWaWGGnD_qi651pMQMe-W3TT3fQzIurWREL914WjxvBrKCpg6LjAEWgjnIKhqv0ofaTMtffvb5L2U1bvoLw2ru7W9v68OKaz3oItgqZoccCwWw","clientId":"178876398854379","redirectUri":"http://localhost:9000/"})
2015-09-28 10:29:48,495 [ERROR] from controllers.SocialAuthController in application-akka.actor.default-dispatcher-5 - ArrayBuffer((Host,localhost:9000), (Connection,keep-alive), (Content-Length,402), (Accept,application/json, text/plain, */*), (Csrf-Token,cad0bf6278a8c89053d30c04c55f817b79049043-1443251400355-aa23c5c219389f9587d5fec9), (Origin,http://localhost:9000), (User-Agent,Mozilla/5.0 (X11; Linux x86_64) AppleWebKit/537.36 (KHTML, like Gecko) Chrome/45.0.2454.93 Safari/537.36), (Content-Type,application/json;charset=UTF-8), (Referer,http://localhost:9000/), (Accept-Encoding,gzip, deflate), (Accept-Language,en-US,en;q=0.8), (Cookie,PLAY_CSRF_TOKEN=cad0bf6278a8c89053d30c04c55f817b79049043-1443251400355-aa23c5c219389f9587d5fec9))
2015-09-28 10:29:48,497 [ERROR] from controllers.SocialAuthController in application-akka.actor.default-dispatcher-5 - facebook
2015-09-28 10:34:27,294 [INFO] from play.api.libs.concurrent.ActorSystemProvider in application-akka.actor.default-dispatcher-3 - Shutdown application default Akka system: application
2015-09-28 10:34:27,457 [INFO] from play.api.libs.concurrent.ActorSystemProvider in application-akka.actor.default-dispatcher-3 - Starting application default Akka system: application
2015-09-28 10:34:27,559 [INFO] from play.api.Play in application-akka.actor.default-dispatcher-3 - Application started (Dev)
2015-09-28 10:34:47,040 [INFO] from play.api.libs.concurrent.ActorSystemProvider in application-akka.actor.default-dispatcher-6 - Shutdown application default Akka system: application
2015-09-28 10:34:47,226 [INFO] from play.api.libs.concurrent.ActorSystemProvider in application-akka.actor.default-dispatcher-6 - Starting application default Akka system: application
2015-09-28 10:34:47,303 [INFO] from play.api.Play in application-akka.actor.default-dispatcher-6 - Application started (Dev)
2015-09-28 10:35:09,033 [ERROR] from controllers.SocialAuthController in application-akka.actor.default-dispatcher-8 - AnyContentAsJson({"code":"AQB5Gds3kb-IAJl49Shv5n3JZ_-yOe1V3VkjkEjx5QPTw9JvdVjewgKysPPc7ATO32H1CE4hf20VnWbHSLGWXiJgRCFEY3QqNchltw8WnjhkraZ4WIRe-FU8NCqjOi1V8MEiVUwaG-gfYkqcJWkX-ML6vP2wWL_ERFA181s1gqcRHf-jLPtdyHcccmMEff7ilH3l09rBCdK4XoJvaMwP89TpjJuJdBgTKOWULRFhNjYPS5gnpmBx4oKTcCM2KZdfTcR6ETik1Xr5qHrZRcLhWYSiIgkXCyfPOpWgNIWJ9pHgMQ6yKEeOMivN6c7oQAyoyn8","clientId":"178876398854379","redirectUri":"http://localhost:9000/"})
2015-09-28 10:35:09,035 [ERROR] from controllers.SocialAuthController in application-akka.actor.default-dispatcher-8 - ArrayBuffer((Host,localhost:9000), (Connection,keep-alive), (Content-Length,402), (Accept,application/json, text/plain, */*), (Csrf-Token,cad0bf6278a8c89053d30c04c55f817b79049043-1443251400355-aa23c5c219389f9587d5fec9), (Origin,http://localhost:9000), (User-Agent,Mozilla/5.0 (X11; Linux x86_64) AppleWebKit/537.36 (KHTML, like Gecko) Chrome/45.0.2454.93 Safari/537.36), (Content-Type,application/json;charset=UTF-8), (Referer,http://localhost:9000/), (Accept-Encoding,gzip, deflate), (Accept-Language,en-US,en;q=0.8), (Cookie,PLAY_CSRF_TOKEN=cad0bf6278a8c89053d30c04c55f817b79049043-1443251400355-aa23c5c219389f9587d5fec9))
2015-09-28 10:35:09,036 [ERROR] from controllers.SocialAuthController in application-akka.actor.default-dispatcher-8 - facebook
2015-09-28 10:35:10,512 [ERROR] from controllers.ApplicationController in application-akka.actor.default-dispatcher-6 - ArrayBuffer((Host,localhost:9000), (Connection,keep-alive), (Accept,application/json, text/plain, */*), (Csrf-Token,cad0bf6278a8c89053d30c04c55f817b79049043-1443251400355-aa23c5c219389f9587d5fec9), (X-Auth-Token,eyJ0eXAiOiJKV1QiLCJhbGciOiJIUzI1NiJ9.eyJzdWIiOiIyLTdkKzRmU2JjRDUwaVI3d0tPSEtNTVFabHFtZEZvT2NuTGFnOFwvekdmR0JpYUhIa2lBNUR5V1NCRzVmWlJnMUs0aHlKT1wvakt0Q2pvaCtKd0ZjUzJzTW1BTndCND0iLCJpc3MiOiJwbGF5LWFuZ3VsYXItc2lsaG91ZXR0ZSIsImV4cCI6MTQ0MzQ1OTkxMCwiaWF0IjoxNDQzNDE2NzEwLCJqdGkiOiI1ODE3OWJhNTdjZWQzOGM2NTBhZDQxOTljNGQ0YzkzZWRlOWI0ZTI4ODljMTExMGM5MzYzYmY3NzA5Y2E2NDRiNzhlMWE3YTU1ODc5ZjcxMjJiNzQ3ZDMzNWI1NTEwNjlhODYyMjc2ZmNlYTBmZWFkN2E1ZWJmYzIyYmFkY2I0ZGJiNDkyM2RmZGE5YzMxMzhlMTFiODVjYzQwM2YwNTY3Y2FhYzQ0NzM2YWQ2MDdlZjM2NmJlN2JmZWU4Mjc0MmQ3ODgyZjg5MWRhMDJmYzk2MzNlNGE4MGQ0YmMzODJkYTE5OGRmMTBlNWJlNGRiZmM5NjIxMjQ4MTFiOTI4OWE4In0.K9TwTLmSm402GMSKEZCttBnseaEvRV8cCh3Kz_SL6V4), (User-Agent,Mozilla/5.0 (X11; Linux x86_64) AppleWebKit/537.36 (KHTML, like Gecko) Chrome/45.0.2454.93 Safari/537.36), (Referer,http://localhost:9000/), (Accept-Encoding,gzip, deflate, sdch), (Accept-Language,en-US,en;q=0.8), (Cookie,PLAY_CSRF_TOKEN=cad0bf6278a8c89053d30c04c55f817b79049043-1443251400355-aa23c5c219389f9587d5fec9))
2015-09-28 10:35:10,521 [ERROR] from controllers.ApplicationController in application-akka.actor.default-dispatcher-6 - AnyContentAsEmpty
2015-09-28 10:35:15,979 [ERROR] from controllers.SocialAuthController in application-akka.actor.default-dispatcher-6 - AnyContentAsJson({"code":"4/kbMQK1Zx2MUEqj-_eABvB-32c3B8576ppziloK8zTDQ","clientId":"886287083873-d9lili371tg1a0h9ik3309r78qqvbvv9.apps.googleusercontent.com","redirectUri":"http://localhost:9000"})
2015-09-28 10:35:15,979 [ERROR] from controllers.SocialAuthController in application-akka.actor.default-dispatcher-6 - ArrayBuffer((Host,localhost:9000), (Connection,keep-alive), (Content-Length,180), (Accept,application/json, text/plain, */*), (Csrf-Token,cad0bf6278a8c89053d30c04c55f817b79049043-1443251400355-aa23c5c219389f9587d5fec9), (Origin,http://localhost:9000), (User-Agent,Mozilla/5.0 (X11; Linux x86_64) AppleWebKit/537.36 (KHTML, like Gecko) Chrome/45.0.2454.93 Safari/537.36), (Content-Type,application/json;charset=UTF-8), (Referer,http://localhost:9000/), (Accept-Encoding,gzip, deflate), (Accept-Language,en-US,en;q=0.8), (Cookie,PLAY_CSRF_TOKEN=cad0bf6278a8c89053d30c04c55f817b79049043-1443251400355-aa23c5c219389f9587d5fec9))
2015-09-28 10:35:15,979 [ERROR] from controllers.SocialAuthController in application-akka.actor.default-dispatcher-6 - google
2015-09-28 10:35:18,198 [ERROR] from controllers.ApplicationController in application-akka.actor.default-dispatcher-8 - ArrayBuffer((Host,localhost:9000), (Connection,keep-alive), (Accept,application/json, text/plain, */*), (Csrf-Token,cad0bf6278a8c89053d30c04c55f817b79049043-1443251400355-aa23c5c219389f9587d5fec9), (X-Auth-Token,eyJ0eXAiOiJKV1QiLCJhbGciOiJIUzI1NiJ9.eyJzdWIiOiIyLUVTblBGYkRyMVNzM3BJXC95MmZcL2huK1lqb1wveExCTWN3OGtaS3dVbmMzTGorTUd1eG53NnRlOGIyTktNWW5BMkczelpQcUxoZXJyTnVDeVR1VU5YdkJZOHJnR0Foa2c2TGplTkFyN2c9IiwiaXNzIjoicGxheS1hbmd1bGFyLXNpbGhvdWV0dGUiLCJleHAiOjE0NDM0NTk5MTgsImlhdCI6MTQ0MzQxNjcxOCwianRpIjoiNGQ0ODA1Yjg3MGVjYzAwNGQyODYwZmNmNTk0OGZmOWM2Y2Q1NTIyZWY4Y2FiNzE2NWZjNTdiMDc4OTQ1MmE4YTc2YjQ2ZjE2MTgwZmZmNmIyMmYwY2VhMWY3MTlkMWRmMGQwNWE3YWE5ZmRhZDgxYWRhYjQ5NDE4ZDYzODNjYWQ2NDIwNTdiZTA0M2YxNGQ3Y2MzM2EwNDFiYjZkZmU0ZjdhNTBlMjg4ODQ3NzliMmNmNzM0MzdmYWZkZTg3ZjU3MGI4OWU5YzgyZDc5NjU1ODQzOWZiOTkyZWU3N2RkOWIyNmI5MWU0NWMyZWZhMjg0ZDA1ZjM1NThhODk5MTE4YiJ9.qlKgqe3BGbEe1IcNgCwinntnJd-EiXfvB0cGNaZHCts), (User-Agent,Mozilla/5.0 (X11; Linux x86_64) AppleWebKit/537.36 (KHTML, like Gecko) Chrome/45.0.2454.93 Safari/537.36), (Referer,http://localhost:9000/), (Accept-Encoding,gzip, deflate, sdch), (Accept-Language,en-US,en;q=0.8), (Cookie,PLAY_CSRF_TOKEN=cad0bf6278a8c89053d30c04c55f817b79049043-1443251400355-aa23c5c219389f9587d5fec9))
2015-09-28 10:35:18,198 [ERROR] from controllers.ApplicationController in application-akka.actor.default-dispatcher-8 - AnyContentAsEmpty
2015-09-28 10:35:25,809 [INFO] from play.api.libs.concurrent.ActorSystemProvider in pool-4-thread-1 - Shutdown application default Akka system: application
